L 1 "..\..\..\source\daplink\sdk_stub.c"
N/**
N * @file    sdk_stub.c
N * @brief
N *
N * DAPLink Interface Firmware
N * Copyright (c) 2017-2017, ARM Limited, All Rights Reserved
N * SPDX-License-Identifier: Apache-2.0
N *
N * Licensed under the Apache License, Version 2.0 (the "License"); you may
N * not use this file except in compliance with the License.
N * You may obtain a copy of the License at
N *
N * http://www.apache.org/licenses/LICENSE-2.0
N *
N * Unless required by applicable law or agreed to in writing, software
N * distributed under the License is distributed on an "AS IS" BASIS, WITHOUT
N * WARRANTIES OR CONDITIONS OF ANY KIND, either express or implied.
N * See the License for the specific language governing permissions and
N * limitations under the License.
N */
N
N__weak void sdk_init()
N{
N    // Do nothing
N}
