


ARM Macro Assembler    Page 1 


    1 00000000         #line   1                "..\\..\\..\\source\\daplink\\i
nterface\\SVC_Table.s"
    1 00000000         ;
    2 00000000         
    3 00000000         
    4 00000000         
    5 00000000         
    6 00000000         
    7 00000000         
    8 00000000         
    9 00000000         
   10 00000000         
   11 00000000         
   12 00000000         
   13 00000000         
   14 00000000         
   15 00000000         
   16 00000000         
   17 00000000         
   18 00000000         
   19 00000000         
   20 00000000         
   21 00000000         
   22 00000000                 AREA             SVC_TABLE, CODE, READONLY
   23 00000000         
   24 00000000                 EXPORT           SVC_Count
   25 00000000         
   26 00000000 00000000 
                       SVC_Cnt EQU              (SVC_End-SVC_Table)/4
   27 00000000 00000000 
                       SVC_Count
                               DCD              SVC_Cnt
   28 00000004         
   29 00000004         ; Import user SVC functions here.
   30 00000004         
   31 00000004                 EXPORT           SVC_Table
   32 00000004         SVC_Table
   33 00000004         ; Insert user SVC functions here. SVC 0 used by RTL Kern
                       el.
   34 00000004         
   35 00000004         SVC_End
   36 00000004         
   37 00000004                 END
Command Line: --debug --xref --cpreproc --diag_suppress=9931 --cpu=Cortex-M0+ -
-apcs=interwork --depend=.\build\svc_table.d -o.\build\svc_table.o -I.\RTE\_kl2
6z_microbit_if -IC:\Users\Szymon\AppData\Local\Arm\Packs\ARM\CMSIS\5.7.0\CMSIS\
Core\Include -IC:\Users\Szymon\AppData\Local\Arm\Packs\NXP\MKL26Z4_DFP\10.0.3 -
-predefine="__UVISION_VERSION SETA 530" --predefine="_RTE_ SETA 1" --predefine=
"CPU_MKL26Z128VFM4 SETA 1" --predefine="_RTE_ SETA 1" --cpreproc_opts=-DDAPLINK
_VERSION=251,-DHID_ENDPOINT,-DMSC_ENDPOINT,-DCDC_ENDPOINT,-DWEBUSB_INTERFACE,-D
WINUSB_INTERFACE,-DDAPLINK_IF,-DDAPLINK_BUILD_KEY=0x9B939E8F,-DINTERFACE_KL26Z,
-DCPU_MKL26Z128VLH4,-DDAPLINK_HIC_ID=0x97969901,-DFLASH_SSD_CONFIG_ENABLE_FLEXN
VM_SUPPORT=0,-DFLASH_DRIVER_IS_FLASH_RESIDENT=1,-DDAPLINK_NO_ASSERT_FILENAMES,-
DHID_LED_DEF=GPIO_LED_ON,-DCDC_LED_DEF=GPIO_LED_ON,-DMSC_LED_DEF=GPIO_LED_ON,"-
DUSB_PROD_STR=BBC micro:bit CMSIS-DAP" --list=.\build\svc_table.lst ..\..\..\so
urce\daplink\interface\SVC_Table.s



ARM Macro Assembler    Page 1 Alphabetic symbol ordering
Relocatable symbols

SVC_Count 00000000

Symbol: SVC_Count
   Definitions
      At line 27 in file ..\\..\\..\\source\\daplink\\interface\\SVC_Table.s
   Uses
      At line 24 in file ..\\..\\..\\source\\daplink\\interface\\SVC_Table.s
Comment: SVC_Count used once
SVC_End 00000004

Symbol: SVC_End
   Definitions
      At line 35 in file ..\\..\\..\\source\\daplink\\interface\\SVC_Table.s
   Uses
      At line 26 in file ..\\..\\..\\source\\daplink\\interface\\SVC_Table.s
Comment: SVC_End used once
SVC_TABLE 00000000

Symbol: SVC_TABLE
   Definitions
      At line 22 in file ..\\..\\..\\source\\daplink\\interface\\SVC_Table.s
   Uses
      None
Comment: SVC_TABLE unused
SVC_Table 00000004

Symbol: SVC_Table
   Definitions
      At line 32 in file ..\\..\\..\\source\\daplink\\interface\\SVC_Table.s
   Uses
      At line 26 in file ..\\..\\..\\source\\daplink\\interface\\SVC_Table.s
      At line 31 in file ..\\..\\..\\source\\daplink\\interface\\SVC_Table.s

4 symbols



ARM Macro Assembler    Page 1 Alphabetic symbol ordering
Absolute symbols

SVC_Cnt 00000000

Symbol: SVC_Cnt
   Definitions
      At line 26 in file ..\\..\\..\\source\\daplink\\interface\\SVC_Table.s
   Uses
      At line 27 in file ..\\..\\..\\source\\daplink\\interface\\SVC_Table.s
Comment: SVC_Cnt used once
1 symbol
338 symbols in table
