L 1 "..\..\..\source\target\nordic\nrf51822\target_16.c"
N/**
N * @file    target_16.c
N * @brief   Target information for the nrf51
N *
N * DAPLink Interface Firmware
N * Copyright (c) 2009-2016, ARM Limited, All Rights Reserved
N * SPDX-License-Identifier: Apache-2.0
N *
N * Licensed under the Apache License, Version 2.0 (the "License"); you may
N * not use this file except in compliance with the License.
N * You may obtain a copy of the License at
N *
N * http://www.apache.org/licenses/LICENSE-2.0
N *
N * Unless required by applicable law or agreed to in writing, software
N * distributed under the License is distributed on an "AS IS" BASIS, WITHOUT
N * WARRANTIES OR CONDITIONS OF ANY KIND, either express or implied.
N * See the License for the specific language governing permissions and
N * limitations under the License.
N */
N
N#include "target_config.h"
L 1 "..\..\..\source\hic_hal\target_config.h" 1
N/**
N * @file    target_config.h
N * @brief   
N *
N * DAPLink Interface Firmware
N * Copyright (c) 2009-2016, ARM Limited, All Rights Reserved
N * SPDX-License-Identifier: Apache-2.0
N *
N * Licensed under the Apache License, Version 2.0 (the "License"); you may
N * not use this file except in compliance with the License.
N * You may obtain a copy of the License at
N *
N * http://www.apache.org/licenses/LICENSE-2.0
N *
N * Unless required by applicable law or agreed to in writing, software
N * distributed under the License is distributed on an "AS IS" BASIS, WITHOUT
N * WARRANTIES OR CONDITIONS OF ANY KIND, either express or implied.
N * See the License for the specific language governing permissions and
N * limitations under the License.
N */
N
N#ifndef TARGET_CONFIG_H
N#define TARGET_CONFIG_H
N
N#include "stddef.h"
L 1 "C:\Keil_v5\ARM\ARMCC\Bin\..\include\stddef.h" 1
N/* stddef.h: ANSI 'C' (X3J11 Oct 88) library header, section 4.1.4 */
N
N/* Copyright (C) ARM Ltd., 1999
N * All rights reserved
N * RCS $Revision$
N * Checkin $Date$
N * Revising $Author: agrant $
N */
N
N/* Copyright (C) Codemist Ltd., 1988                            */
N/* Copyright 1991 ARM Limited. All rights reserved.             */
N/* version 0.05 */
N
N/*
N * The following types and macros are defined in several headers referred to in
N * the descriptions of the functions declared in that header. They are also
N * defined in this header file.
N */
N
N#ifndef __stddef_h
N#define __stddef_h
N#define __ARMCLIB_VERSION 5060037
N
N  #ifndef __STDDEF_DECLS
N  #define __STDDEF_DECLS
N    #undef __CLIBNS
N    #ifdef __cplusplus
S        namespace std {
S        #define __CLIBNS ::std::
S        extern "C" {
N    #else
N      #define __CLIBNS
N    #endif  /* __cplusplus */
N
N#if __sizeof_ptr == 8
X#if 4 == 8
S  typedef signed long ptrdiff_t;
N#else
N  typedef signed int ptrdiff_t;
N#endif
N
N#if defined(__cplusplus) || !defined(__STRICT_ANSI__)
X#if 0L || !0L
N /* unconditional in C++ and non-strict C for consistency of debug info */
N  #if __sizeof_ptr == 8
X  #if 4 == 8
S    typedef unsigned long size_t;   /* see <stddef.h> */
N  #else
N    typedef unsigned int size_t;   /* see <stddef.h> */
N  #endif
N#elif !defined(__size_t)
X#elif !0L
S  #define __size_t 1
S  #if __sizeof_ptr == 8
S    typedef unsigned long size_t;   /* see <stddef.h> */
S  #else
S    typedef unsigned int size_t;   /* see <stddef.h> */
S  #endif
S   /* the unsigned integral type of the result of the sizeof operator. */
N#endif
N
N#ifndef __cplusplus  /* wchar_t is a builtin type for C++ */
N  #if !defined(__STRICT_ANSI__)
X  #if !0L
N  /* unconditional in non-strict C for consistency of debug info */
N    #if defined(__WCHAR32) || (defined(__ARM_SIZEOF_WCHAR_T) && __ARM_SIZEOF_WCHAR_T == 4)
X    #if 0L || (0L && __ARM_SIZEOF_WCHAR_T == 4)
S      typedef unsigned int wchar_t; /* also in <stdlib.h> and <inttypes.h> */
N    #else
N      typedef unsigned short wchar_t; /* also in <stdlib.h> and <inttypes.h> */
N    #endif
N  #elif !defined(__wchar_t)
X  #elif !0L
S    #define __wchar_t 1
S    #if defined(__WCHAR32) || (defined(__ARM_SIZEOF_WCHAR_T) && __ARM_SIZEOF_WCHAR_T == 4)
S      typedef unsigned int wchar_t; /* also in <stdlib.h> and <inttypes.h> */
S    #else
S      typedef unsigned short wchar_t; /* also in <stdlib.h> and <inttypes.h> */
S    #endif
S   /*
S    * An integral type whose range of values can represent distinct codes for
S    * all members of the largest extended character set specified among the
S    * supported locales; the null character shall have the code value zero and
S    * each member of the basic character set shall have a code value when used
S    * as the lone character in an integer character constant.
S    */
N  #endif
N#endif
N
N#undef NULL  /* others (e.g. <stdio.h>) also define */
N#define NULL 0
N   /* null pointer constant. */
N
N#ifdef __clang__
S  #define offsetof(t, d) __builtin_offsetof(t, d)
N#else
N  /* EDG uses __INTADDR__ to avoid errors when strict */
N  #define offsetof(t, memb) ((__CLIBNS size_t)__INTADDR__(&(((t *)0)->memb)))
N#endif
N
N#if !defined(__STRICT_ANSI__) || (defined(__STDC_VERSION__) && 201112L <= __STDC_VERSION__) || (defined(__cplusplus) && 201103L <= __cplusplus)
X#if !0L || (1L && 201112L <= 199901L) || (0L && 201103L <= __cplusplus)
N  typedef long double max_align_t;
N#endif
N
N    #ifdef __cplusplus
S         }  /* extern "C" */
S      }  /* namespace std */
N    #endif /* __cplusplus */
N  #endif /* __STDDEF_DECLS */
N
N
N  #ifdef __cplusplus
S    #ifndef __STDDEF_NO_EXPORTS
S      using ::std::size_t;
S      using ::std::ptrdiff_t;
S      #if !defined(__STRICT_ANSI__) || (defined(__cplusplus) && 201103L <= __cplusplus)
S        using ::std::max_align_t;
S      #endif
S    #endif 
N  #endif /* __cplusplus */
N
N#endif
N
N/* end of stddef.h */
N
L 26 "..\..\..\source\hic_hal\target_config.h" 2
N#include "stdint.h"
L 1 "C:\Keil_v5\ARM\ARMCC\Bin\..\include\stdint.h" 1
N/* Copyright (C) ARM Ltd., 1999,2014 */
N/* All rights reserved */
N
N/*
N * RCS $Revision$
N * Checkin $Date$
N * Revising $Author: agrant $
N */
N
N#ifndef __stdint_h
N#define __stdint_h
N#define __ARMCLIB_VERSION 5060037
N
N  #ifdef __INT64_TYPE__
S    /* armclang predefines '__INT64_TYPE__' and '__INT64_C_SUFFIX__' */
S    #define __INT64 __INT64_TYPE__
N  #else
N    /* armcc has builtin '__int64' which can be used in --strict mode */
N    #define __INT64 __int64
N    #define __INT64_C_SUFFIX__ ll
N  #endif
N  #define __PASTE2(x, y) x ## y
N  #define __PASTE(x, y) __PASTE2(x, y)
N  #define __INT64_C(x)  __ESCAPE__(__PASTE(x, __INT64_C_SUFFIX__))
N  #define __UINT64_C(x)  __ESCAPE__(__PASTE(x ## u, __INT64_C_SUFFIX__))
N  #if defined(__clang__) || (defined(__ARMCC_VERSION) && !defined(__STRICT_ANSI__))
X  #if 0L || (1L && !0L)
N    /* armclang and non-strict armcc allow 'long long' in system headers */
N    #define __LONGLONG long long
N  #else
S    /* strict armcc has '__int64' */
S    #define __LONGLONG __int64
N  #endif
N
N  #ifndef __STDINT_DECLS
N  #define __STDINT_DECLS
N
N    #undef __CLIBNS
N
N    #ifdef __cplusplus
S      namespace std {
S          #define __CLIBNS std::
S          extern "C" {
N    #else
N      #define __CLIBNS
N    #endif  /* __cplusplus */
N
N
N/*
N * 'signed' is redundant below, except for 'signed char' and if
N * the typedef is used to declare a bitfield.
N */
N
N    /* 7.18.1.1 */
N
N    /* exact-width signed integer types */
Ntypedef   signed          char int8_t;
Ntypedef   signed short     int int16_t;
Ntypedef   signed           int int32_t;
Ntypedef   signed       __INT64 int64_t;
Xtypedef   signed       __int64 int64_t;
N
N    /* exact-width unsigned integer types */
Ntypedef unsigned          char uint8_t;
Ntypedef unsigned short     int uint16_t;
Ntypedef unsigned           int uint32_t;
Ntypedef unsigned       __INT64 uint64_t;
Xtypedef unsigned       __int64 uint64_t;
N
N    /* 7.18.1.2 */
N
N    /* smallest type of at least n bits */
N    /* minimum-width signed integer types */
Ntypedef   signed          char int_least8_t;
Ntypedef   signed short     int int_least16_t;
Ntypedef   signed           int int_least32_t;
Ntypedef   signed       __INT64 int_least64_t;
Xtypedef   signed       __int64 int_least64_t;
N
N    /* minimum-width unsigned integer types */
Ntypedef unsigned          char uint_least8_t;
Ntypedef unsigned short     int uint_least16_t;
Ntypedef unsigned           int uint_least32_t;
Ntypedef unsigned       __INT64 uint_least64_t;
Xtypedef unsigned       __int64 uint_least64_t;
N
N    /* 7.18.1.3 */
N
N    /* fastest minimum-width signed integer types */
Ntypedef   signed           int int_fast8_t;
Ntypedef   signed           int int_fast16_t;
Ntypedef   signed           int int_fast32_t;
Ntypedef   signed       __INT64 int_fast64_t;
Xtypedef   signed       __int64 int_fast64_t;
N
N    /* fastest minimum-width unsigned integer types */
Ntypedef unsigned           int uint_fast8_t;
Ntypedef unsigned           int uint_fast16_t;
Ntypedef unsigned           int uint_fast32_t;
Ntypedef unsigned       __INT64 uint_fast64_t;
Xtypedef unsigned       __int64 uint_fast64_t;
N
N    /* 7.18.1.4 integer types capable of holding object pointers */
N#if __sizeof_ptr == 8
X#if 4 == 8
Stypedef   signed       __INT64 intptr_t;
Stypedef unsigned       __INT64 uintptr_t;
N#else
Ntypedef   signed           int intptr_t;
Ntypedef unsigned           int uintptr_t;
N#endif
N
N    /* 7.18.1.5 greatest-width integer types */
Ntypedef   signed     __LONGLONG intmax_t;
Xtypedef   signed     long long intmax_t;
Ntypedef unsigned     __LONGLONG uintmax_t;
Xtypedef unsigned     long long uintmax_t;
N
N
N#if !defined(__cplusplus) || defined(__STDC_LIMIT_MACROS)
X#if !0L || 0L
N
N    /* 7.18.2.1 */
N
N    /* minimum values of exact-width signed integer types */
N#define INT8_MIN                   -128
N#define INT16_MIN                -32768
N#define INT32_MIN          (~0x7fffffff)   /* -2147483648 is unsigned */
N#define INT64_MIN  __INT64_C(~0x7fffffffffffffff) /* -9223372036854775808 is unsigned */
N
N    /* maximum values of exact-width signed integer types */
N#define INT8_MAX                    127
N#define INT16_MAX                 32767
N#define INT32_MAX            2147483647
N#define INT64_MAX  __INT64_C(9223372036854775807)
N
N    /* maximum values of exact-width unsigned integer types */
N#define UINT8_MAX                   255
N#define UINT16_MAX                65535
N#define UINT32_MAX           4294967295u
N#define UINT64_MAX __UINT64_C(18446744073709551615)
N
N    /* 7.18.2.2 */
N
N    /* minimum values of minimum-width signed integer types */
N#define INT_LEAST8_MIN                   -128
N#define INT_LEAST16_MIN                -32768
N#define INT_LEAST32_MIN          (~0x7fffffff)
N#define INT_LEAST64_MIN  __INT64_C(~0x7fffffffffffffff)
N
N    /* maximum values of minimum-width signed integer types */
N#define INT_LEAST8_MAX                    127
N#define INT_LEAST16_MAX                 32767
N#define INT_LEAST32_MAX            2147483647
N#define INT_LEAST64_MAX  __INT64_C(9223372036854775807)
N
N    /* maximum values of minimum-width unsigned integer types */
N#define UINT_LEAST8_MAX                   255
N#define UINT_LEAST16_MAX                65535
N#define UINT_LEAST32_MAX           4294967295u
N#define UINT_LEAST64_MAX __UINT64_C(18446744073709551615)
N
N    /* 7.18.2.3 */
N
N    /* minimum values of fastest minimum-width signed integer types */
N#define INT_FAST8_MIN           (~0x7fffffff)
N#define INT_FAST16_MIN          (~0x7fffffff)
N#define INT_FAST32_MIN          (~0x7fffffff)
N#define INT_FAST64_MIN  __INT64_C(~0x7fffffffffffffff)
N
N    /* maximum values of fastest minimum-width signed integer types */
N#define INT_FAST8_MAX             2147483647
N#define INT_FAST16_MAX            2147483647
N#define INT_FAST32_MAX            2147483647
N#define INT_FAST64_MAX  __INT64_C(9223372036854775807)
N
N    /* maximum values of fastest minimum-width unsigned integer types */
N#define UINT_FAST8_MAX            4294967295u
N#define UINT_FAST16_MAX           4294967295u
N#define UINT_FAST32_MAX           4294967295u
N#define UINT_FAST64_MAX __UINT64_C(18446744073709551615)
N
N    /* 7.18.2.4 */
N
N    /* minimum value of pointer-holding signed integer type */
N#if __sizeof_ptr == 8
X#if 4 == 8
S#define INTPTR_MIN INT64_MIN
N#else
N#define INTPTR_MIN INT32_MIN
N#endif
N
N    /* maximum value of pointer-holding signed integer type */
N#if __sizeof_ptr == 8
X#if 4 == 8
S#define INTPTR_MAX INT64_MAX
N#else
N#define INTPTR_MAX INT32_MAX
N#endif
N
N    /* maximum value of pointer-holding unsigned integer type */
N#if __sizeof_ptr == 8
X#if 4 == 8
S#define UINTPTR_MAX UINT64_MAX
N#else
N#define UINTPTR_MAX UINT32_MAX
N#endif
N
N    /* 7.18.2.5 */
N
N    /* minimum value of greatest-width signed integer type */
N#define INTMAX_MIN  __ESCAPE__(~0x7fffffffffffffffll)
N
N    /* maximum value of greatest-width signed integer type */
N#define INTMAX_MAX  __ESCAPE__(9223372036854775807ll)
N
N    /* maximum value of greatest-width unsigned integer type */
N#define UINTMAX_MAX __ESCAPE__(18446744073709551615ull)
N
N    /* 7.18.3 */
N
N    /* limits of ptrdiff_t */
N#if __sizeof_ptr == 8
X#if 4 == 8
S#define PTRDIFF_MIN INT64_MIN
S#define PTRDIFF_MAX INT64_MAX
N#else
N#define PTRDIFF_MIN INT32_MIN
N#define PTRDIFF_MAX INT32_MAX
N#endif
N
N    /* limits of sig_atomic_t */
N#define SIG_ATOMIC_MIN (~0x7fffffff)
N#define SIG_ATOMIC_MAX   2147483647
N
N    /* limit of size_t */
N#if __sizeof_ptr == 8
X#if 4 == 8
S#define SIZE_MAX UINT64_MAX
N#else
N#define SIZE_MAX UINT32_MAX
N#endif
N
N    /* limits of wchar_t */
N    /* NB we have to undef and redef because they're defined in both
N     * stdint.h and wchar.h */
N#undef WCHAR_MIN
N#undef WCHAR_MAX
N
N#if defined(__WCHAR32) || (defined(__ARM_SIZEOF_WCHAR_T) && __ARM_SIZEOF_WCHAR_T == 4)
X#if 0L || (0L && __ARM_SIZEOF_WCHAR_T == 4)
S  #define WCHAR_MIN   0
S  #define WCHAR_MAX   0xffffffffU
N#else
N  #define WCHAR_MIN   0
N  #define WCHAR_MAX   65535
N#endif
N
N    /* limits of wint_t */
N#define WINT_MIN (~0x7fffffff)
N#define WINT_MAX 2147483647
N
N#endif /* __STDC_LIMIT_MACROS */
N
N#if !defined(__cplusplus) || defined(__STDC_CONSTANT_MACROS)
X#if !0L || 0L
N
N    /* 7.18.4.1 macros for minimum-width integer constants */
N#define INT8_C(x)   (x)
N#define INT16_C(x)  (x)
N#define INT32_C(x)  (x)
N#define INT64_C(x)  __INT64_C(x)
N
N#define UINT8_C(x)  (x ## u)
N#define UINT16_C(x) (x ## u)
N#define UINT32_C(x) (x ## u)
N#define UINT64_C(x) __UINT64_C(x)
N
N    /* 7.18.4.2 macros for greatest-width integer constants */
N#define INTMAX_C(x)  __ESCAPE__(x ## ll)
N#define UINTMAX_C(x) __ESCAPE__(x ## ull)
N
N#endif /* __STDC_CONSTANT_MACROS */
N
N    #ifdef __cplusplus
S         }  /* extern "C" */
S      }  /* namespace std */
N    #endif /* __cplusplus */
N  #endif /* __STDINT_DECLS */
N
N  #ifdef __cplusplus
S    #ifndef __STDINT_NO_EXPORTS
S      using ::std::int8_t;
S      using ::std::int16_t;
S      using ::std::int32_t;
S      using ::std::int64_t;
S      using ::std::uint8_t;
S      using ::std::uint16_t;
S      using ::std::uint32_t;
S      using ::std::uint64_t;
S      using ::std::int_least8_t;
S      using ::std::int_least16_t;
S      using ::std::int_least32_t;
S      using ::std::int_least64_t;
S      using ::std::uint_least8_t;
S      using ::std::uint_least16_t;
S      using ::std::uint_least32_t;
S      using ::std::uint_least64_t;
S      using ::std::int_fast8_t;
S      using ::std::int_fast16_t;
S      using ::std::int_fast32_t;
S      using ::std::int_fast64_t;
S      using ::std::uint_fast8_t;
S      using ::std::uint_fast16_t;
S      using ::std::uint_fast32_t;
S      using ::std::uint_fast64_t;
S      using ::std::intptr_t;
S      using ::std::uintptr_t;
S      using ::std::intmax_t;
S      using ::std::uintmax_t;
S    #endif
N  #endif /* __cplusplus */
N
N#undef __INT64
N#undef __LONGLONG
N
N#endif /* __stdint_h */
N
N/* end of stdint.h */
L 27 "..\..\..\source\hic_hal\target_config.h" 2
N 
N#include "flash_blob.h"
L 1 "..\..\..\source\hic_hal\flash_blob.h" 1
N/**
N * @file    flash_blob.h
N * @brief   
N *
N * DAPLink Interface Firmware
N * Copyright (c) 2009-2016, ARM Limited, All Rights Reserved
N * SPDX-License-Identifier: Apache-2.0
N *
N * Licensed under the Apache License, Version 2.0 (the "License"); you may
N * not use this file except in compliance with the License.
N * You may obtain a copy of the License at
N *
N * http://www.apache.org/licenses/LICENSE-2.0
N *
N * Unless required by applicable law or agreed to in writing, software
N * distributed under the License is distributed on an "AS IS" BASIS, WITHOUT
N * WARRANTIES OR CONDITIONS OF ANY KIND, either express or implied.
N * See the License for the specific language governing permissions and
N * limitations under the License.
N */
N
N#ifndef FLASH_BLOB_H
N#define FLASH_BLOB_H
N
N#include "stdint.h"
N
N#ifdef __cplusplus
Sextern "C" {
N#endif
N
Ntypedef struct {
N    uint32_t breakpoint;
N    uint32_t static_base;
N    uint32_t stack_pointer;
N} program_syscall_t;
N
Ntypedef struct {
N    const uint32_t  init;
N    const uint32_t  uninit;
N    const uint32_t  erase_chip;
N    const uint32_t  erase_sector;
N    const uint32_t  program_page;
N    const uint32_t  verify;
N    const program_syscall_t sys_call_s;
N    const uint32_t  program_buffer;
N    const uint32_t  algo_start;
N    const uint32_t  algo_size;
N    const uint32_t *algo_blob;
N    const uint32_t  program_buffer_size;
N} program_target_t;
N
Ntypedef struct {
N    const uint32_t start;
N    const uint32_t size;
N} sector_info_t;
N
N#ifdef __cplusplus
S}
N#endif
N
N#endif
L 29 "..\..\..\source\hic_hal\target_config.h" 2
N#include "macro.h"
L 1 "..\..\..\source\daplink\macro.h" 1
N/**
N * @file    macro.h
N * @brief   useful things
N *
N * DAPLink Interface Firmware
N * Copyright (c) 2009-2016, ARM Limited, All Rights Reserved
N * SPDX-License-Identifier: Apache-2.0
N *
N * Licensed under the Apache License, Version 2.0 (the "License"); you may
N * not use this file except in compliance with the License.
N * You may obtain a copy of the License at
N *
N * http://www.apache.org/licenses/LICENSE-2.0
N *
N * Unless required by applicable law or agreed to in writing, software
N * distributed under the License is distributed on an "AS IS" BASIS, WITHOUT
N * WARRANTIES OR CONDITIONS OF ANY KIND, either express or implied.
N * See the License for the specific language governing permissions and
N * limitations under the License.
N */
N
N#ifndef MACRO_H
N#define MACRO_H
N
N#ifdef __cplusplus
Sextern "C" {
N#endif
N
N#define ELEMENTS_IN_ARRAY(array)        (sizeof(array)/sizeof(array[0]))
N
N#define MB(size)                        ((size) * 1024 * 1024)
N
N#define KB(size)                        ((size) * 1024)
N
N#define MIN(a,b)                        ((a) < (b) ? (a) : (b))
N
N#define MAX(a,b)                        ((a) > (b) ? (a) : (b))
N
N#define ROUND_UP(value, boundary)       ((value) + ((boundary) - (value)) % (boundary))
N
N#define ROUND_DOWN(value, boundary)     ((value) - ((value) % (boundary)))
N
N#ifdef __cplusplus
S}
N#endif
N
N#endif
L 30 "..\..\..\source\hic_hal\target_config.h" 2
N
N#ifdef __cplusplus
Sextern "C" {
N#endif
N
N/**
N @addtogroup
N @{
N*/
N
N// This can vary from target to target and should be in the structure or flash blob
N#define TARGET_AUTO_INCREMENT_PAGE_SIZE    (1024)
N
N//Additional flash and ram regions
N#define MAX_EXTRA_FLASH_REGION                3
N#define MAX_EXTRA_RAM_REGION                  3
N
Ntypedef struct region_info {
N    uint32_t start;
N    uint32_t end;
N} region_info_t;
N
N/**
N @struct target_cfg_t
N @brief  The firmware configuration struct has unique about the chip its running on.
N */
Ntypedef struct target_cfg {
N    uint32_t sector_size;           /*!< Number of bytes in a sector used by flash erase and filesystem */
N    uint32_t sector_cnt;            /*!< Number of sectors a device has */
N    uint32_t flash_start;           /*!< Address of the application entry point */
N    uint32_t flash_end;             /*!< Address where the flash ends */
N    uint32_t ram_start;             /*!< Lowest contigous RAM address the application uses */
N    uint32_t ram_end;               /*!< Highest contigous RAM address the application uses */
N    program_target_t *flash_algo;   /*!< A pointer to the flash algorithm structure */
N    uint8_t erase_reset;            /*!< Reset after performing an erase */
N    const sector_info_t* sectors_info; 
N    int sector_info_length;
N    region_info_t extra_flash[MAX_EXTRA_FLASH_REGION + 1]; //!< Extra flash regions.
X    region_info_t extra_flash[3 + 1]; 
N    region_info_t extra_ram[MAX_EXTRA_RAM_REGION + 1]; //!< Extra RAM regions.
X    region_info_t extra_ram[3 + 1]; 
N} target_cfg_t;
N
Nextern target_cfg_t target_device;
N
N#ifdef __cplusplus
S}
N#endif
N
N#endif
L 23 "..\..\..\source\target\nordic\nrf51822\target_16.c" 2
N
N// The file flash_blob.c must only be included in target.c
N#include "flash_blob.c"
L 1 "..\..\..\source\target\nordic\nrf51822\flash_blob.c" 1
N/**
N * @file    flash_blob.c
N * @brief   Flash algorithm for the nrf51
N *
N * DAPLink Interface Firmware
N * Copyright (c) 2009-2016, ARM Limited, All Rights Reserved
N * SPDX-License-Identifier: Apache-2.0
N *
N * Licensed under the Apache License, Version 2.0 (the "License"); you may
N * not use this file except in compliance with the License.
N * You may obtain a copy of the License at
N *
N * http://www.apache.org/licenses/LICENSE-2.0
N *
N * Unless required by applicable law or agreed to in writing, software
N * distributed under the License is distributed on an "AS IS" BASIS, WITHOUT
N * WARRANTIES OR CONDITIONS OF ANY KIND, either express or implied.
N * See the License for the specific language governing permissions and
N * limitations under the License.
N */
N
N#include "flash_blob.h"
N
Nstatic const uint32_t nRF51822AA_FLM[] = {
N    0xE00ABE00, 0x062D780D, 0x24084068, 0xD3000040, 0x1E644058, 0x1C49D1FA, 0x2A001E52, 0x4770D1F2,
N
N    /*0x020*/ 0x47702000, 0x47702000, 0x4c26b570, 0x60602002, 0x60e02001, 0x68284d24, 0xd00207c0L, 0x60602000,
N    /*0x040*/ 0xf000bd70L, 0xe7f6f82cL, 0x4c1eb570, 0x60612102, 0x4288491e, 0x2001d302, 0xe0006160L, 0x4d1a60a0,
N    /*0x060*/ 0xf81df000L, 0x7c06828, 0x2000d0fa, 0xbd706060L, 0x4605b5f8, 0x4813088e, 0x46142101, 0x4f126041,
N    /*0x080*/ 0xc501cc01L, 0x7c06838, 0x1e76d006, 0x480dd1f8, 0x60412100, 0xbdf84608L, 0xf801f000L, 0x480ce7f2,
N    /*0x0A0*/ 0x6006840, 0xd00b0e00L, 0x6849490a, 0xd0072900L, 0x4a0a4909, 0xd00007c3L, 0x1d09600a, 0xd1f90840L,
N    /*0x0C0*/ 0x4770, 0x4001e500, 0x4001e400, 0x10001000, 0x40010400, 0x40010500, 0x40010600, 0x6e524635,
N    /*0x0E0*/ 0x0,
N};
N
Nstatic const program_target_t flash = {
N    .init = 0x20000021,
N    .uninit = 0x20000025,
N    .erase_chip = 0x20000029,
N    .erase_sector = 0x20000049,
N    .program_page = 0x20000071,
N    .verify = 0x0,
N    {
N        .breakpoint = 0x20000001,
N        .static_base = 0x20000020 + 0x00000150,
N        .stack_pointer = 0x20001000
N    },
N    .program_buffer = 0x20000200,
N    .algo_start = 0x20000000,
N    .algo_size = 0x00000150,
N    .algo_blob = nRF51822AA_FLM,
N    .program_buffer_size = 512 // should be USBD_MSC_BlockSize
N};
L 26 "..\..\..\source\target\nordic\nrf51822\target_16.c" 2
N
N// target information
Ntarget_cfg_t target_device = {
N    .sector_size    = 1024,
N    .sector_cnt     = (KB(256) / 1024),
X    .sector_cnt     = (((256) * 1024) / 1024),
N    .flash_start    = 0,
N    .flash_end      = KB(256),
X    .flash_end      = ((256) * 1024),
N    .ram_start      = 0x20000000,
N    .ram_end        = 0x20004000,
N    .flash_algo     = (program_target_t *) &flash,
N    .erase_reset    = 1,
N};
